{
  "stats": {
    "suites": 1,
    "tests": 1,
    "passes": 1,
    "pending": 0,
    "failures": 0,
    "start": "2021-12-09T21:42:54.723Z",
    "end": "2021-12-09T21:42:58.191Z",
    "duration": 3468,
    "testsRegistered": 1,
    "passPercent": 100,
    "pendingPercent": 0,
    "other": 0,
    "hasOther": false,
    "skipped": 0,
    "hasSkipped": false
  },
  "results": [
    {
      "uuid": "94f3a3eb-df08-41f8-9b36-af3d6e77d48f",
      "title": "",
      "fullFile": "cypress/integration/Log out.spec.js",
      "file": "cypress/integration/Log out.spec.js",
      "beforeHooks": [],
      "afterHooks": [],
      "tests": [],
      "suites": [
        {
          "uuid": "cf2aae85-0ad7-4a00-a59e-fb08409cdea1",
          "title": "Log out",
          "fullFile": "",
          "file": "",
          "beforeHooks": [],
          "afterHooks": [],
          "tests": [
            {
              "title": "User should have ability to logout",
              "fullTitle": "Log out User should have ability to logout",
              "timedOut": null,
              "duration": 3381,
              "state": "passed",
              "speed": "slow",
              "pass": true,
              "fail": false,
              "pending": false,
              "context": null,
              "code": "logout.settings().click();\nlogout.url().should('include', '/settings');\nlogout.message().click();",
              "err": {},
              "uuid": "8b6e2b5a-4895-41d4-8fab-cf5da25c006e",
              "parentUUID": "cf2aae85-0ad7-4a00-a59e-fb08409cdea1",
              "isHook": false,
              "skipped": false
            }
          ],
          "suites": [],
          "passes": [
            "8b6e2b5a-4895-41d4-8fab-cf5da25c006e"
          ],
          "failures": [],
          "pending": [],
          "skipped": [],
          "duration": 3381,
          "root": false,
          "rootEmpty": false,
          "_timeout": 2000
        }
      ],
      "passes": [],
      "failures": [],
      "pending": [],
      "skipped": [],
      "duration": 0,
      "root": true,
      "rootEmpty": true,
      "_timeout": 2000
    }
  ],
  "meta": {
    "mocha": {
      "version": "7.0.1"
    },
    "mochawesome": {
      "options": {
        "quiet": true,
        "reportFilename": "mochawesome",
        "saveHtml": false,
        "saveJson": true,
        "consoleReporter": "spec",
        "useInlineDiffs": false
      },
      "version": "4.1.0"
    },
    "marge": {
      "options": {
        "reportDir": "integration-reports/integration/reports/mocha",
        "quiet": true,
        "html": false,
        "overwrite": false,
        "json": true
      },
      "version": "4.1.0"
    }
  }
}