{
  "stats": {
    "suites": 1,
    "tests": 2,
    "passes": 2,
    "pending": 0,
    "failures": 0,
    "start": "2021-12-09T21:42:21.904Z",
    "end": "2021-12-09T21:42:31.780Z",
    "duration": 9876,
    "testsRegistered": 2,
    "passPercent": 100,
    "pendingPercent": 0,
    "other": 0,
    "hasOther": false,
    "skipped": 0,
    "hasSkipped": false
  },
  "results": [
    {
      "uuid": "ce299ecb-093f-4a37-9c97-ff42d5eaf596",
      "title": "",
      "fullFile": "cypress/integration/FollowUser.spec.js",
      "file": "cypress/integration/FollowUser.spec.js",
      "beforeHooks": [],
      "afterHooks": [],
      "tests": [],
      "suites": [
        {
          "uuid": "ea623781-fccc-4d8b-afca-a58504884da6",
          "title": "Follow",
          "fullFile": "",
          "file": "",
          "beforeHooks": [],
          "afterHooks": [],
          "tests": [
            {
              "title": "User should have ability to follow other user",
              "fullTitle": "Follow User should have ability to follow other user",
              "timedOut": null,
              "duration": 4967,
              "state": "passed",
              "speed": "slow",
              "pass": true,
              "fail": false,
              "pending": false,
              "context": null,
              "code": "cy.get(':nth-child(4) > .article-meta > .info > .author')\n    .should('contain', 'Gerome')\n    .click();\ncy.get('[class=\"btn btn-sm action-btn btn-outline-secondary\"]')\n    .should('contain', 'Follow Gerome')\n    .click();\ncy.get('[class=\"btn btn-sm action-btn btn-secondary\"]')\n    .should('contain', 'Unfollow Gerome');",
              "err": {},
              "uuid": "5a7be986-fbc0-41d1-9dd8-1dbabb489a9e",
              "parentUUID": "ea623781-fccc-4d8b-afca-a58504884da6",
              "isHook": false,
              "skipped": false
            },
            {
              "title": "User should have ability to unfollow other user",
              "fullTitle": "Follow User should have ability to unfollow other user",
              "timedOut": null,
              "duration": 4752,
              "state": "passed",
              "speed": "slow",
              "pass": true,
              "fail": false,
              "pending": false,
              "context": null,
              "code": "cy.get(':nth-child(4) > .article-meta > .info > .author')\n    .should('contain', 'Gerome')\n    .click();\ncy.get('[class=\"btn btn-sm action-btn btn-secondary\"]')\n    .should('contain', 'Unfollow Gerome')\n    .click();\ncy.get('[class=\"btn btn-sm action-btn btn-outline-secondary\"]')\n    .should('contain', 'Follow Gerome');",
              "err": {},
              "uuid": "5c947214-9cdb-45a7-9384-4b57f8ab631f",
              "parentUUID": "ea623781-fccc-4d8b-afca-a58504884da6",
              "isHook": false,
              "skipped": false
            }
          ],
          "suites": [],
          "passes": [
            "5a7be986-fbc0-41d1-9dd8-1dbabb489a9e",
            "5c947214-9cdb-45a7-9384-4b57f8ab631f"
          ],
          "failures": [],
          "pending": [],
          "skipped": [],
          "duration": 9719,
          "root": false,
          "rootEmpty": false,
          "_timeout": 2000
        }
      ],
      "passes": [],
      "failures": [],
      "pending": [],
      "skipped": [],
      "duration": 0,
      "root": true,
      "rootEmpty": true,
      "_timeout": 2000
    }
  ],
  "meta": {
    "mocha": {
      "version": "7.0.1"
    },
    "mochawesome": {
      "options": {
        "quiet": true,
        "reportFilename": "mochawesome",
        "saveHtml": false,
        "saveJson": true,
        "consoleReporter": "spec",
        "useInlineDiffs": false
      },
      "version": "4.1.0"
    },
    "marge": {
      "options": {
        "reportDir": "integration-reports/integration/reports/mocha",
        "quiet": true,
        "html": false,
        "overwrite": false,
        "json": true
      },
      "version": "4.1.0"
    }
  }
}