{
  "stats": {
    "suites": 1,
    "tests": 1,
    "passes": 1,
    "pending": 0,
    "failures": 0,
    "start": "2021-12-09T21:42:49.670Z",
    "end": "2021-12-09T21:42:51.683Z",
    "duration": 2013,
    "testsRegistered": 1,
    "passPercent": 100,
    "pendingPercent": 0,
    "other": 0,
    "hasOther": false,
    "skipped": 0,
    "hasSkipped": false
  },
  "results": [
    {
      "uuid": "2ab16f42-e515-4883-94fb-1e87c658dc09",
      "title": "",
      "fullFile": "cypress/integration/Log In.spec.js",
      "file": "cypress/integration/Log In.spec.js",
      "beforeHooks": [],
      "afterHooks": [],
      "tests": [],
      "suites": [
        {
          "uuid": "7a9a4bbb-c458-4147-9a1c-503a9534b6c7",
          "title": "Log In",
          "fullFile": "",
          "file": "",
          "beforeHooks": [],
          "afterHooks": [],
          "tests": [
            {
              "title": "User should succesfull login",
              "fullTitle": "Log In User should succesfull login",
              "timedOut": null,
              "duration": 1916,
              "state": "passed",
              "speed": "slow",
              "pass": true,
              "fail": false,
              "pending": false,
              "context": null,
              "code": "cy.visit('/');\ncy.get('[href=\"#login\"]')\n    .click();\nlogin.email().type('niko12@mail.com');\nlogin.password().type('12345Qwert!');\nlogin.signInBtn().should('be.visible').click();",
              "err": {},
              "uuid": "edd20e0f-97ff-4f10-beb7-b98aa66ebd34",
              "parentUUID": "7a9a4bbb-c458-4147-9a1c-503a9534b6c7",
              "isHook": false,
              "skipped": false
            }
          ],
          "suites": [],
          "passes": [
            "edd20e0f-97ff-4f10-beb7-b98aa66ebd34"
          ],
          "failures": [],
          "pending": [],
          "skipped": [],
          "duration": 1916,
          "root": false,
          "rootEmpty": false,
          "_timeout": 2000
        }
      ],
      "passes": [],
      "failures": [],
      "pending": [],
      "skipped": [],
      "duration": 0,
      "root": true,
      "rootEmpty": true,
      "_timeout": 2000
    }
  ],
  "meta": {
    "mocha": {
      "version": "7.0.1"
    },
    "mochawesome": {
      "options": {
        "quiet": true,
        "reportFilename": "mochawesome",
        "saveHtml": false,
        "saveJson": true,
        "consoleReporter": "spec",
        "useInlineDiffs": false
      },
      "version": "4.1.0"
    },
    "marge": {
      "options": {
        "reportDir": "integration-reports/integration/reports/mocha",
        "quiet": true,
        "html": false,
        "overwrite": false,
        "json": true
      },
      "version": "4.1.0"
    }
  }
}